2023-06-01 02:58:04,732:DEBUG [Persona.py:53] 
            Id Persona: 1,
            Nombre: Juan,
            Apellidos: Perez,
            Email: jperez@gmail.com
        
2023-06-01 02:59:54,841:DEBUG [Persona.py:53] 
            Id Persona: 1,
            Nombre: Juan,
            Apellidos: Perez,
            Email: jperez@gmail.com
        
2023-06-01 02:59:54,900:DEBUG [Persona.py:55] 
            Id Persona: Jose,
            Nombre: Lopez,
            Apellidos: Jlopez@gmail.com,
            Email: None
        
2023-06-01 03:01:17,998:DEBUG [Persona.py:53] 
            Id Persona: 1,
            Nombre: Juan,
            Apellidos: Perez,
            Email: jperez@gmail.com
        
2023-06-01 03:01:30,711:DEBUG [Persona.py:53] 
            Id Persona: 1,
            Nombre: Juan,
            Apellidos: Perez,
            Email: jperez@gmail.com
        
2023-06-01 03:01:30,719:DEBUG [Persona.py:55] 
            Id Persona: None,
            Nombre: Jose,
            Apellidos: Lopez,
            Email: Jlopez@gmail.com
        
2023-06-01 03:03:19,176:DEBUG [Persona.py:53] 
            Id Persona: 1,
            Nombre: Juan,
            Apellidos: Perez,
            Email: jperez@gmail.com
        
2023-06-01 03:03:19,180:DEBUG [Persona.py:55] 
            Id Persona: None,
            Nombre: Jose,
            Apellidos: Lopez,
            Email: Jlopez@gmail.com
        
2023-06-01 03:03:32,457:DEBUG [Persona.py:53] 
            Id Persona: 1,
            Nombre: Juan,
            Apellidos: Perez,
            Email: jperez@gmail.com
        
2023-06-01 03:03:32,468:DEBUG [Persona.py:55] 
            Id Persona: None,
            Nombre: Jose,
            Apellidos: Lopez,
            Email: Jlopez@gmail.com
        
2023-06-01 03:03:32,471:DEBUG [Persona.py:57] 
            Id Persona: 1,
            Nombre: None,
            Apellidos: None,
            Email: None
        2023-06-21 14:58:30,026:ERROR [conexion.py:26] Error al conectar a la BD: could not translate host name "127.0.0.0.1" to address: Unknown host

2023-06-21 14:58:48,936:ERROR [conexion.py:26] Error al conectar a la BD: could not translate host name "127.0.0.0.1" to address: Unknown host

